Flow report for nBit4x1Multplexer
Tue Oct  8 23:15:33 2024
Quartus Prime Version 23.1std.0 Build 991 11/28/2023 SC Lite Edition


---------------------
; Table of Contents ;
---------------------
  1. Legal Notice
  2. Flow Summary
  3. Flow Settings
  4. Flow Non-Default Global Settings
  5. Flow Elapsed Time
  6. Flow OS Summary
  7. Flow Log
  8. Flow Messages
  9. Flow Suppressed Messages



----------------
; Legal Notice ;
----------------
Copyright (C) 2023  Intel Corporation. All rights reserved.
Your use of Intel Corporation's design tools, logic functions 
and other software and tools, and any partner logic 
functions, and any output files from any of the foregoing 
(including device programming or simulation files), and any 
associated documentation or information are expressly subject 
to the terms and conditions of the Intel Program License 
Subscription Agreement, the Intel Quartus Prime License Agreement,
the Intel FPGA IP License Agreement, or other applicable license
agreement, including, without limitation, that your use is for
the sole purpose of programming logic devices manufactured by
Intel and sold by Intel or its authorized distributors.  Please
refer to the applicable agreement for further details, at
https://fpgasoftware.intel.com/eula.



+-------------------------------------------------------------------------------------+
; Flow Summary                                                                        ;
+------------------------------------+------------------------------------------------+
; Flow Status                        ; Successful - Tue Oct  8 23:15:33 2024          ;
; Quartus Prime Version              ; 23.1std.0 Build 991 11/28/2023 SC Lite Edition ;
; Revision Name                      ; nBit4x1Multplexer                              ;
; Top-level Entity Name              ; nBit4x1Multiplexer                             ;
; Family                             ; MAX 10                                         ;
; Device                             ; 10M50DCF484C7G                                 ;
; Timing Models                      ; Final                                          ;
; Total logic elements               ; 8                                              ;
;     Total combinational functions  ; 8                                              ;
;     Dedicated logic registers      ; 0                                              ;
; Total registers                    ; 0                                              ;
; Total pins                         ; 22                                             ;
; Total virtual pins                 ; 0                                              ;
; Total memory bits                  ; 0                                              ;
; Embedded Multiplier 9-bit elements ; 0                                              ;
; Total PLLs                         ; 0                                              ;
; UFM blocks                         ; 0                                              ;
; ADC blocks                         ; 0                                              ;
+------------------------------------+------------------------------------------------+


+-----------------------------------------+
; Flow Settings                           ;
+-------------------+---------------------+
; Option            ; Setting             ;
+-------------------+---------------------+
; Start date & time ; 10/08/2024 23:15:24 ;
; Main task         ; Compilation         ;
; Revision Name     ; nBit4x1Multplexer   ;
+-------------------+---------------------+


+------------------------------------------------------------------------------------------------------------------------------------------------+
; Flow Non-Default Global Settings                                                                                                               ;
+--------------------------------------+----------------------------------------+-------------------+--------------------+-----------------------+
; Assignment Name                      ; Value                                  ; Default Value     ; Entity Name        ; Section Id            ;
+--------------------------------------+----------------------------------------+-------------------+--------------------+-----------------------+
; COMPILER_SIGNATURE_ID                ; 255984286534213.172840052402775        ; --                ; --                 ; --                    ;
; EDA_DESIGN_INSTANCE_NAME             ; NA                                     ; --                ; --                 ; tb_4Bit4x1Multiplexer ;
; EDA_NATIVELINK_SIMULATION_TEST_BENCH ; tb_4Bit4x1Multiplexer                  ; --                ; --                 ; eda_simulation        ;
; EDA_NETLIST_WRITER_OUTPUT_DIR        ; simulation/modelsim                    ; --                ; --                 ; eda_simulation        ;
; EDA_OUTPUT_DATA_FORMAT               ; Verilog Hdl                            ; --                ; --                 ; eda_simulation        ;
; EDA_SIMULATION_TOOL                  ; QuestaSim (Verilog)                    ; <None>            ; --                 ; --                    ;
; EDA_TEST_BENCH_ENABLE_STATUS         ; TEST_BENCH_MODE                        ; --                ; --                 ; eda_simulation        ;
; EDA_TEST_BENCH_FILE                  ; tb_4Bit4x1Multiplexer.v                ; --                ; --                 ; tb_4Bit4x1Multiplexer ;
; EDA_TEST_BENCH_MODULE_NAME           ; tb_4Bit4x1Multiplexer                  ; --                ; --                 ; tb_4Bit4x1Multiplexer ;
; EDA_TEST_BENCH_NAME                  ; tb_4Bit4x1Multiplexer                  ; --                ; --                 ; eda_simulation        ;
; EDA_TIME_SCALE                       ; 1 ps                                   ; --                ; --                 ; eda_simulation        ;
; MAX_CORE_JUNCTION_TEMP               ; 85                                     ; --                ; --                 ; --                    ;
; MIN_CORE_JUNCTION_TEMP               ; 0                                      ; --                ; --                 ; --                    ;
; PARTITION_COLOR                      ; -- (Not supported for targeted family) ; --                ; nBit4x1Multiplexer ; Top                   ;
; PARTITION_FITTER_PRESERVATION_LEVEL  ; -- (Not supported for targeted family) ; --                ; nBit4x1Multiplexer ; Top                   ;
; PARTITION_NETLIST_TYPE               ; -- (Not supported for targeted family) ; --                ; nBit4x1Multiplexer ; Top                   ;
; POWER_BOARD_THERMAL_MODEL            ; None (CONSERVATIVE)                    ; --                ; --                 ; --                    ;
; POWER_PRESET_COOLING_SOLUTION        ; 23 MM HEAT SINK WITH 200 LFPM AIRFLOW  ; --                ; --                 ; --                    ;
; PROJECT_OUTPUT_DIRECTORY             ; output_files                           ; --                ; --                 ; --                    ;
; TOP_LEVEL_ENTITY                     ; nBit4x1Multiplexer                     ; nBit4x1Multplexer ; --                 ; --                    ;
+--------------------------------------+----------------------------------------+-------------------+--------------------+-----------------------+


+--------------------------------------------------------------------------------------------------------------------------+
; Flow Elapsed Time                                                                                                        ;
+----------------------+--------------+-------------------------+---------------------+------------------------------------+
; Module Name          ; Elapsed Time ; Average Processors Used ; Peak Virtual Memory ; Total CPU Time (on all processors) ;
+----------------------+--------------+-------------------------+---------------------+------------------------------------+
; Analysis & Synthesis ; 00:00:10     ; 1.0                     ; 375 MB              ; 00:00:27                           ;
; Total                ; 00:00:10     ; --                      ; --                  ; 00:00:27                           ;
+----------------------+--------------+-------------------------+---------------------+------------------------------------+


+------------------------------------------------------------------------------------+
; Flow OS Summary                                                                    ;
+----------------------+------------------+------------+------------+----------------+
; Module Name          ; Machine Hostname ; OS Name    ; OS Version ; Processor type ;
+----------------------+------------------+------------+------------+----------------+
; Analysis & Synthesis ; archlinux        ; Arch Linux ; Arch Linux ; x86_64         ;
+----------------------+------------------+------------+------------+----------------+


------------
; Flow Log ;
------------
quartus_map --read_settings_files=on --write_settings_files=off nBit4x1Multplexer -c nBit4x1Multplexer



